{
  "0 debug pnpm:scope": {
    "selected": 1,
    "workspacePrefix": "/home/leeddwcs/projects/web3_request_builder"
  },
  "1 error pnpm": {
    "errno": 1,
    "code": "ELIFECYCLE",
    "pkgid": "hoppscotch-app@2.2.1",
    "stage": "dev",
    "script": "pnpm exec npm-run-all -p -l dev:*",
    "pkgname": "hoppscotch-app",
    "err": {
      "name": "pnpm",
      "message": "hoppscotch-app@2.2.1 dev: `pnpm exec npm-run-all -p -l dev:*`\nExit status 1",
      "code": "ELIFECYCLE",
      "stack": "pnpm: hoppscotch-app@2.2.1 dev: `pnpm exec npm-run-all -p -l dev:*`\nExit status 1\n    at EventEmitter.<anonymous> (/home/leeddwcs/.nvm/versions/node/v16.15.0/lib/node_modules/pnpm/dist/pnpm.cjs:106976:20)\n    at EventEmitter.emit (node:events:527:28)\n    at ChildProcess.<anonymous> (/home/leeddwcs/.nvm/versions/node/v16.15.0/lib/node_modules/pnpm/dist/pnpm.cjs:93542:18)\n    at ChildProcess.emit (node:events:527:28)\n    at maybeClose (node:internal/child_process:1092:16)\n    at Process.ChildProcess._handle.onexit (node:internal/child_process:302:5)"
    }
  },
  "2 warn pnpm:global": " Local package.json exists, but node_modules missing, did you mean to install?"
}